<?xml version="1.0" encoding="UTF-8"?>
<!-- Generated by org.testng.reporters.JUnitReportReporter -->
<testsuite hostname="DESKTOP-U984Q3M" failures="0" tests="3" name="pack.fcb1" time="131.628" errors="0" timestamp="2021-02-06T09:25:34 CET" skipped="0">
  <testcase classname="pack.fcb1" name="Test1" time="40.482"/>
  <system-out/>
  <testcase classname="pack.fcb1" name="Test1" time="31.960"/>
  <system-out/>
  <testcase classname="pack.fcb1" name="Test1" time="59.186"/>
  <system-out/>
</testsuite> <!-- pack.fcb1 -->
