<?xml version="1.0" encoding="UTF-8"?>
<!-- Generated by org.testng.reporters.JUnitReportReporter -->
<testsuite hostname="DESKTOP-U984Q3M" failures="0" tests="1" name="pack.Test_titreeturl" time="31.567" errors="0" timestamp="2021-02-06T10:11:15 CET" skipped="0">
  <testcase classname="pack.Test_titreeturl" name="Test1" time="31.567"/>
  <system-out/>
</testsuite> <!-- pack.Test_titreeturl -->
