<?xml version="1.0" encoding="UTF-8"?>
<!-- Generated by org.testng.reporters.JUnitReportReporter -->
<testsuite hostname="DESKTOP-U984Q3M" failures="0" tests="3" name="pack.fcb1" time="104.869" errors="0" timestamp="2021-02-06T10:11:15 CET" skipped="0">
  <testcase classname="pack.fcb1" name="Test1" time="39.189"/>
  <system-out/>
  <testcase classname="pack.fcb1" name="Test1" time="32.919"/>
  <system-out/>
  <testcase classname="pack.fcb1" name="Test1" time="32.761"/>
  <system-out/>
</testsuite> <!-- pack.fcb1 -->
